#-----------------------------------------------------------
# Vivado v2018.2 (64-bit)
# SW Build 2258646 on Thu Jun 14 20:03:12 MDT 2018
# IP Build 2256618 on Thu Jun 14 22:10:49 MDT 2018
# Start of session at: Sun Mar 26 02:21:33 2023
# Process ID: 36524
# Current directory: E:/with_personal_improvements
# Command line: vivado.exe -gui_launcher_event rodinguilauncherevent51000 E:\with_personal_improvements\with_personal_improvements.xpr
# Log file: E:/with_personal_improvements/vivado.log
# Journal file: E:/with_personal_improvements\vivado.jou
#-----------------------------------------------------------
start_gui
open_project E:/with_personal_improvements/with_personal_improvements.xpr
Scanning sources...
Finished scanning sources
INFO: [IP_Flow 19-234] Refreshing IP repositories
INFO: [IP_Flow 19-1704] No user IP repositories specified
INFO: [IP_Flow 19-2313] Loaded Vivado IP repository 'D:/Xilinx/Vivado/2018.2/data/ip'.
exit
INFO: [Common 17-206] Exiting Vivado at Sun Mar 26 02:22:16 2023...
