INFO: [VRFC 10-2263] Analyzing Verilog file "D:/EE2026/Lab/Project Part 2/MouseAudioDisplay.srcs/sources_1/imports/Desktop/Audio_Input.v" into library xil_defaultlib
INFO: [VRFC 10-311] analyzing module Audio_Input
INFO: [VRFC 10-2263] Analyzing Verilog file "D:/EE2026/Lab/Project Part 2/MouseAudioDisplay.srcs/sources_1/imports/Desktop/Oled_Display.v" into library xil_defaultlib
INFO: [VRFC 10-311] analyzing module Oled_Display
WARNING: [VRFC 10-756] identifier state is used before its declaration [D:/EE2026/Lab/Project Part 2/MouseAudioDisplay.srcs/sources_1/imports/Desktop/Oled_Display.v:105]
WARNING: [VRFC 10-756] identifier state is used before its declaration [D:/EE2026/Lab/Project Part 2/MouseAudioDisplay.srcs/sources_1/imports/Desktop/Oled_Display.v:107]
WARNING: [VRFC 10-756] identifier state is used before its declaration [D:/EE2026/Lab/Project Part 2/MouseAudioDisplay.srcs/sources_1/imports/Desktop/Oled_Display.v:109]
WARNING: [VRFC 10-756] identifier state is used before its declaration [D:/EE2026/Lab/Project Part 2/MouseAudioDisplay.srcs/sources_1/imports/Desktop/Oled_Display.v:110]
WARNING: [VRFC 10-756] identifier state is used before its declaration [D:/EE2026/Lab/Project Part 2/MouseAudioDisplay.srcs/sources_1/imports/Desktop/Oled_Display.v:111]
INFO: [VRFC 10-2263] Analyzing Verilog file "D:/EE2026/Lab/Project Part 2/MouseAudioDisplay.srcs/sources_1/new/Oled_digit_display.v" into library xil_defaultlib
INFO: [VRFC 10-311] analyzing module Oled_digit_display
INFO: [VRFC 10-2263] Analyzing Verilog file "D:/EE2026/Lab/Project Part 2/MouseAudioDisplay.srcs/sources_1/new/Oled_digit_display_controller.v" into library xil_defaultlib
INFO: [VRFC 10-311] analyzing module Oled_digit_display_controller
INFO: [VRFC 10-2263] Analyzing Verilog file "D:/EE2026/Lab/Project Part 2/MouseAudioDisplay.srcs/sources_1/new/clk6p25m.v" into library xil_defaultlib
INFO: [VRFC 10-311] analyzing module clk6p25m
INFO: [VRFC 10-2263] Analyzing Verilog file "D:/EE2026/Lab/Project Part 2/MouseAudioDisplay.srcs/sources_1/new/pixelToXY.v" into library xil_defaultlib
INFO: [VRFC 10-311] analyzing module pixelToXY
INFO: [VRFC 10-2263] Analyzing Verilog file "D:/EE2026/Lab/Project Part 2/MouseAudioDisplay.srcs/sources_1/new/Top_Student.v" into library xil_defaultlib
INFO: [VRFC 10-311] analyzing module Top_Student
INFO: [VRFC 10-2263] Analyzing Verilog file "D:/EE2026/Lab/Project Part 2/MouseAudioDisplay.sim/sim_1/behav/xsim/glbl.v" into library xil_defaultlib
INFO: [VRFC 10-311] analyzing module glbl
INFO: [VRFC 10-163] Analyzing VHDL file "D:/EE2026/Lab/Project Part 2/MouseAudioDisplay.srcs/sources_1/imports/Desktop/Audio_Output.vhd" into library xil_defaultlib
INFO: [VRFC 10-307] analyzing entity Audio_Output
INFO: [VRFC 10-163] Analyzing VHDL file "D:/EE2026/Lab/Project Part 2/MouseAudioDisplay.srcs/sources_1/imports/Desktop/Mouse_Control.vhd" into library xil_defaultlib
INFO: [VRFC 10-307] analyzing entity MouseCtl
INFO: [VRFC 10-163] Analyzing VHDL file "D:/EE2026/Lab/Project Part 2/MouseAudioDisplay.srcs/sources_1/imports/Desktop/Ps2Interface.vhd" into library xil_defaultlib
INFO: [VRFC 10-307] analyzing entity Ps2Interface
